<?xml version="1.0" encoding="UTF-8"?>
<!-- Generated by org.testng.reporters.JUnitXMLReporter -->
<testsuite ignored="0" hostname="DESKTOP-B0FDL6K" failures="0" tests="3" name="Default test" time="0.09" errors="0" timestamp="2023-03-03T13:10:41 EST">
  <testcase classname="sample.TestNGSample" name="tc002" time="0.01"/>
  <testcase classname="sample.TestNGSample" name="tc003" time="0.001"/>
  <testcase classname="sample.TestNGSample" name="tc001" time="0.002"/>
</testsuite> <!-- Default test -->
