<?xml version="1.0" encoding="UTF-8"?>
<!-- Generated by org.testng.reporters.JUnitXMLReporter -->
<testsuite ignored="2" hostname="DESKTOP-B0FDL6K" failures="0" tests="1" name="Test" time="0.076" errors="0" timestamp="2023-03-06T14:52:01 EST">
  <testcase classname="sample.TestNGSample" name="tc001" time="0.008"/>
  <testcase classname="sample.TestNGSample" name="tc002" time="0.0">
    <ignored/>
  </testcase> <!-- tc002 -->
  <testcase classname="sample.TestNGSample" name="tc003" time="0.0">
    <ignored/>
  </testcase> <!-- tc003 -->
</testsuite> <!-- Test -->
